  blockbehaviour.cpp
C:\Users\sewen\Documents\C1Programs\Arkanoid\Arkanoid\player.h(19,64): warning C4244: 'argument': conversion from 'int' to 'const float', possible loss of data
C:\Users\sewen\Documents\C1Programs\Arkanoid\Arkanoid\player.h(19,46): warning C4244: 'argument': conversion from 'int' to 'const float', possible loss of data
  collision.cpp
C:\Users\sewen\Documents\C1Programs\Arkanoid\Arkanoid\player.h(19,64): warning C4244: 'argument': conversion from 'int' to 'const float', possible loss of data
C:\Users\sewen\Documents\C1Programs\Arkanoid\Arkanoid\player.h(19,46): warning C4244: 'argument': conversion from 'int' to 'const float', possible loss of data
C:\Users\sewen\Documents\C1Programs\Arkanoid\Arkanoid\collision.cpp(6,24): warning C4305: 'initializing': truncation from 'double' to 'float'
  entitymanager.cpp
C:\Users\sewen\Documents\C1Programs\Arkanoid\Arkanoid\player.h(19,64): warning C4244: 'argument': conversion from 'int' to 'const float', possible loss of data
C:\Users\sewen\Documents\C1Programs\Arkanoid\Arkanoid\player.h(19,46): warning C4244: 'argument': conversion from 'int' to 'const float', possible loss of data
  game.cpp
C:\Users\sewen\Documents\C1Programs\Arkanoid\Arkanoid\player.h(19,64): warning C4244: 'argument': conversion from 'int' to 'const float', possible loss of data
C:\Users\sewen\Documents\C1Programs\Arkanoid\Arkanoid\player.h(19,46): warning C4244: 'argument': conversion from 'int' to 'const float', possible loss of data
  grid.cpp
C:\Users\sewen\Documents\C1Programs\Arkanoid\Arkanoid\player.h(19,64): warning C4244: 'argument': conversion from 'int' to 'const float', possible loss of data
C:\Users\sewen\Documents\C1Programs\Arkanoid\Arkanoid\player.h(19,46): warning C4244: 'argument': conversion from 'int' to 'const float', possible loss of data
C:\Users\sewen\Documents\C1Programs\Arkanoid\Arkanoid\grid.cpp(22,47): warning C4244: '=': conversion from 'int' to 'float', possible loss of data
  main.cpp
C:\Users\sewen\Documents\C1Programs\Arkanoid\Arkanoid\player.h(19,64): warning C4244: 'argument': conversion from 'int' to 'const float', possible loss of data
C:\Users\sewen\Documents\C1Programs\Arkanoid\Arkanoid\player.h(19,46): warning C4244: 'argument': conversion from 'int' to 'const float', possible loss of data
  Generating Code...
  Arkanoid.vcxproj -> C:\Users\sewen\Documents\C1Programs\Arkanoid\x64\Debug\Arkanoid.exe
